<04/05/2018 15:25:20> C: Under Threshold
<04/05/2018 15:25:20> D: Under Threshold
<04/05/2018 15:25:26> C Threshold has been set to 10 %
<04/05/2018 15:25:26> D Threshold has been set to 99.08342 %
<04/05/2018 15:25:26> Memory Threshold set to 500 MB
<04/05/2018 15:25:26> Assessing drive C...
<04/05/2018 15:25:26> C: Under Threshold
<04/05/2018 15:25:26> Assessing drive D...
<04/05/2018 15:25:26> D: Under Threshold
<04/05/2018 15:25:50> C: Under Threshold
<04/05/2018 15:25:50> D: Under Threshold
<04/05/2018 15:25:56> Assessing drive C...
<04/05/2018 15:25:56> C: Under Threshold
<04/05/2018 15:25:56> Assessing drive D...
<04/05/2018 15:25:56> D: Under Threshold
<04/05/2018 15:26:21> C: Under Threshold
<04/05/2018 15:26:21> D: Under Threshold
<04/05/2018 15:26:51> C: Under Threshold
<04/05/2018 15:26:51> D: Under Threshold
<04/05/2018 15:27:21> C: Under Threshold
<04/05/2018 15:27:21> D: Under Threshold
<04/05/2018 15:27:51> C: Under Threshold
<04/05/2018 15:27:51> D: Under Threshold
<04/05/2018 15:28:21> C: Under Threshold
<04/05/2018 15:28:21> D: Under Threshold
<04/05/2018 15:28:51> C: Under Threshold
<04/05/2018 15:28:51> D: Under Threshold
<04/05/2018 15:29:21> C: Under Threshold
<04/05/2018 15:29:21> D: Under Threshold
<04/05/2018 15:29:52> C: Under Threshold
<04/05/2018 15:29:52> D: Under Threshold
<04/05/2018 15:30:22> C: Under Threshold
<04/05/2018 15:30:22> D: Under Threshold
<04/05/2018 15:30:52> C: Under Threshold
<04/05/2018 15:30:52> D: Under Threshold
<04/05/2018 15:31:22> C: Under Threshold
<04/05/2018 15:31:22> D: Under Threshold
<04/05/2018 15:31:52> C: Under Threshold
<04/05/2018 15:31:52> D: Under Threshold
<04/05/2018 15:32:22> C: Under Threshold
<04/05/2018 15:32:22> D: Under Threshold
<04/05/2018 15:32:53> C: Under Threshold
<04/05/2018 15:32:53> D: Under Threshold
<04/05/2018 15:33:23> C: Under Threshold
<04/05/2018 15:33:23> D: Under Threshold
<04/05/2018 15:33:53> C: Under Threshold
<04/05/2018 15:33:53> D: Under Threshold
<04/05/2018 15:34:23> C: Under Threshold
<04/05/2018 15:34:23> D: Under Threshold
<04/05/2018 15:34:53> C: Under Threshold
<04/05/2018 15:34:53> D: Under Threshold
<04/05/2018 15:35:23> C: Under Threshold
<04/05/2018 15:35:23> D: Under Threshold
<04/05/2018 15:35:53> C: Under Threshold
<04/05/2018 15:35:53> D: Under Threshold
<04/05/2018 15:36:24> C: Under Threshold
<04/05/2018 15:36:24> D: Under Threshold
<04/05/2018 15:36:54> C: Under Threshold
<04/05/2018 15:36:54> D: Under Threshold
<04/05/2018 15:37:24> C: Under Threshold
<04/05/2018 15:37:24> D: Under Threshold
<04/05/2018 15:37:54> C: Under Threshold
<04/05/2018 15:37:54> D: Under Threshold
<04/05/2018 15:38:24> C: Under Threshold
<04/05/2018 15:38:24> D: Under Threshold
<04/05/2018 15:38:54> C: Under Threshold
<04/05/2018 15:38:54> D: Under Threshold
<04/05/2018 15:39:25> C: Under Threshold
<04/05/2018 15:39:25> D: Under Threshold
<04/05/2018 15:39:55> C: Under Threshold
<04/05/2018 15:39:55> D: Under Threshold
<04/05/2018 15:40:25> C: Under Threshold
<04/05/2018 15:40:25> D: Under Threshold
<04/05/2018 15:40:55> C: Under Threshold
<04/05/2018 15:40:55> D: Under Threshold
<04/05/2018 15:41:25> C: Under Threshold
<04/05/2018 15:41:25> D: Under Threshold
<04/05/2018 15:41:55> C: Under Threshold
<04/05/2018 15:41:55> D: Under Threshold
<04/05/2018 15:42:25> C: Under Threshold
<04/05/2018 15:42:25> D: Under Threshold
<04/05/2018 15:42:56> C: Under Threshold
<04/05/2018 15:42:56> D: Under Threshold
<04/05/2018 15:43:26> C: Under Threshold
<04/05/2018 15:43:26> D: Under Threshold
<04/05/2018 15:43:56> C: Under Threshold
<04/05/2018 15:43:56> D: Under Threshold
<04/05/2018 15:44:26> C: Under Threshold
<04/05/2018 15:44:26> D: Under Threshold
<04/05/2018 15:44:56> C: Under Threshold
<04/05/2018 15:44:56> D: Under Threshold
<04/05/2018 15:45:26> C: Under Threshold
<04/05/2018 15:45:26> D: Under Threshold
<04/05/2018 15:45:57> C: Under Threshold
<04/05/2018 15:45:57> D: Under Threshold
<04/05/2018 15:46:27> C: Under Threshold
<04/05/2018 15:46:27> D: Under Threshold
<04/05/2018 15:46:57> C: Under Threshold
<04/05/2018 15:46:57> D: Under Threshold
<04/05/2018 15:47:27> C: Under Threshold
<04/05/2018 15:47:27> D: Under Threshold
<04/05/2018 15:47:57> C: Under Threshold
<04/05/2018 15:47:57> D: Under Threshold
<04/05/2018 15:48:27> C: Under Threshold
<04/05/2018 15:48:27> D: Under Threshold
<04/05/2018 15:48:58> C: Under Threshold
<04/05/2018 15:48:58> D: Under Threshold
<04/05/2018 15:49:28> C: Under Threshold
<04/05/2018 15:49:28> D: Under Threshold
<04/05/2018 15:49:58> C: Under Threshold
<04/05/2018 15:49:58> D: Under Threshold
<04/05/2018 15:50:28> C: Under Threshold
<04/05/2018 15:50:28> D: Under Threshold
<04/05/2018 15:50:58> C: Under Threshold
<04/05/2018 15:50:58> D: Under Threshold
<04/05/2018 15:51:28> C: Under Threshold
<04/05/2018 15:51:28> D: Under Threshold
<04/05/2018 15:51:59> C: Under Threshold
<04/05/2018 15:51:59> D: Under Threshold
<04/05/2018 15:52:29> C: Under Threshold
<04/05/2018 15:52:29> D: Under Threshold
<04/05/2018 15:52:59> C: Under Threshold
<04/05/2018 15:52:59> D: Under Threshold
<04/05/2018 15:53:29> C: Under Threshold
<04/05/2018 15:53:29> D: Under Threshold
<04/05/2018 15:53:59> C: Under Threshold
<04/05/2018 15:53:59> D: Under Threshold
<04/05/2018 15:54:30> C: Under Threshold
<04/05/2018 15:54:30> D: Under Threshold
<04/05/2018 15:55:00> C: Under Threshold
<04/05/2018 15:55:00> D: Under Threshold
<04/05/2018 15:55:30> C: Under Threshold
<04/05/2018 15:55:30> D: Under Threshold
<04/05/2018 15:56:00> C: Under Threshold
<04/05/2018 15:56:00> D: Under Threshold
<04/05/2018 15:56:30> C: Under Threshold
<04/05/2018 15:56:30> D: Under Threshold
<04/05/2018 15:57:00> C: Under Threshold
<04/05/2018 15:57:00> D: Under Threshold
<04/05/2018 15:57:30> C: Under Threshold
<04/05/2018 15:57:30> D: Under Threshold
<04/05/2018 15:58:01> C: Under Threshold
<04/05/2018 15:58:01> D: Under Threshold
<04/05/2018 15:58:31> C: Under Threshold
<04/05/2018 15:58:31> D: Under Threshold
<04/05/2018 15:59:01> C: Under Threshold
<04/05/2018 15:59:01> D: Under Threshold
<04/05/2018 15:59:31> C: Under Threshold
<04/05/2018 15:59:31> D: Under Threshold
<04/05/2018 16:00:01> C: Under Threshold
<04/05/2018 16:00:01> D: Under Threshold
<04/05/2018 16:00:31> C: Under Threshold
<04/05/2018 16:00:31> D: Under Threshold
<04/05/2018 16:01:02> C: Under Threshold
<04/05/2018 16:01:02> D: Under Threshold
<04/05/2018 16:01:32> C: Under Threshold
<04/05/2018 16:01:32> D: Under Threshold
<04/05/2018 16:02:02> C: Under Threshold
<04/05/2018 16:02:02> D: Under Threshold
<04/05/2018 16:02:32> C: Under Threshold
<04/05/2018 16:02:32> D: Under Threshold
<04/05/2018 16:03:02> C: Under Threshold
<04/05/2018 16:03:02> D: Under Threshold
<04/05/2018 16:03:33> C: Under Threshold
<04/05/2018 16:03:33> D: Under Threshold
<04/05/2018 16:04:03> C: Under Threshold
<04/05/2018 16:04:03> D: Under Threshold
<04/05/2018 16:04:33> C: Under Threshold
<04/05/2018 16:04:33> D: Under Threshold
<04/05/2018 16:05:03> C: Under Threshold
<04/05/2018 16:05:03> D: Under Threshold
<04/05/2018 16:05:33> C: Under Threshold
<04/05/2018 16:05:33> D: Under Threshold
<04/05/2018 16:06:04> C: Under Threshold
<04/05/2018 16:06:04> D: Under Threshold
<04/05/2018 16:06:34> C: Under Threshold
<04/05/2018 16:06:34> D: Under Threshold
<04/05/2018 16:07:04> C: Under Threshold
<04/05/2018 16:07:04> D: Under Threshold
