<04/18/2018 18:53:35> ##### LOADING GUI #####
<04/18/2018 18:53:36> CONNECTION TO 192.168.56.103 ESTABLISHED
<04/18/2018 18:53:36> ##### GATHERING HOSTNAMES #####
<04/18/2018 18:53:36> ##### HOSTNAMES GATHERED #####
<04/18/2018 18:53:36> ##### GATHERING ALERT THRESHOLDS #####
<04/18/2018 18:53:36> Windows-VM-02 has not been defined in the thresholds JSON - ALL THRESHOLDS SET TO DEFAULT
<04/18/2018 18:53:36> Windows-VM-02 has not been defined in the thresholds JSON - ALL THRESHOLDS SET TO DEFAULT
<04/18/2018 18:53:36> Windows-VM-02 has not been defined in the thresholds JSON - ALL THRESHOLDS SET TO DEFAULT
<04/18/2018 18:53:36> Windows-VM-02 has not been defined in the thresholds JSON - ALL THRESHOLDS SET TO DEFAULT
<04/18/2018 18:53:36> ##### ALERT THRESHOLDS SET #####
<04/18/2018 18:53:36> ##### BEGINNING Windows-VM-01 ASSESSMENT #####
<04/18/2018 18:53:36> ##### RUNNING DATABASE QUERIES #####
<04/18/2018 18:53:36> ##### DATABASE QUERIES RAN #####
<04/18/2018 18:53:36> ##### ASSESSING THRESHOLDS #####
<04/18/2018 18:53:36> Assessing drive C...
<04/18/2018 18:53:36> C: Under Threshold at 52.00%
<04/18/2018 18:53:36> Assessing Memory usage...
<04/18/2018 18:53:36> Memory usage under threshold at 907 MB
<04/18/2018 18:53:36> Assessing CPU usage...
<04/18/2018 18:53:36> CPU usage under threshold at 10.00%
<04/18/2018 18:53:36> Assessing TCP connection 
<04/18/2018 18:53:36> TCP connections established under threshold at 5
<04/18/2018 18:53:36> ##### Windows-VM-01 ASSESED #####
<04/18/2018 18:53:36> ##### BEGINNING Windows-VM-02 ASSESSMENT #####
<04/18/2018 18:53:36> ##### RUNNING DATABASE QUERIES #####
<04/18/2018 18:53:37> ##### DATABASE QUERIES RAN #####
<04/18/2018 18:53:37> ##### ASSESSING THRESHOLDS #####
<04/18/2018 18:53:37> Assessing drive C...
<04/18/2018 18:53:37> C: Under Threshold at 51.00%
<04/18/2018 18:53:37> Assessing Memory usage...
<04/18/2018 18:53:37> Memory usage under threshold at 426 MB
<04/18/2018 18:53:37> Assessing CPU usage...
<04/18/2018 18:53:37> CPU usage under threshold at 50.00%
<04/18/2018 18:53:37> Assessing TCP connection 
<04/18/2018 18:53:37> TCP connections established under threshold at 2
<04/18/2018 18:53:37> ##### Windows-VM-02 ASSESED #####
<04/18/2018 18:53:37> ##### BEGINNING Windows-VM-01 ASSESSMENT #####
<04/18/2018 18:53:37> ##### RUNNING DATABASE QUERIES #####
<04/18/2018 18:53:37> ##### DATABASE QUERIES RAN #####
<04/18/2018 18:53:37> ##### ASSESSING THRESHOLDS #####
<04/18/2018 18:53:37> Assessing drive C...
<04/18/2018 18:53:37> C: Under Threshold at 52.00%
<04/18/2018 18:53:37> Assessing Memory usage...
<04/18/2018 18:53:37> Memory usage under threshold at 907 MB
<04/18/2018 18:53:37> Assessing CPU usage...
<04/18/2018 18:53:37> CPU usage under threshold at 10.00%
<04/18/2018 18:53:37> Assessing TCP connection 
<04/18/2018 18:53:37> TCP connections established under threshold at 5
<04/18/2018 18:53:37> ##### Windows-VM-01 ASSESED #####
<04/18/2018 18:53:37> ##### BEGINNING Windows-VM-02 ASSESSMENT #####
<04/18/2018 18:53:37> ##### RUNNING DATABASE QUERIES #####
<04/18/2018 18:53:37> ##### DATABASE QUERIES RAN #####
<04/18/2018 18:53:37> ##### ASSESSING THRESHOLDS #####
<04/18/2018 18:53:37> Assessing drive C...
<04/18/2018 18:53:37> C: Under Threshold at 51.00%
<04/18/2018 18:53:37> Assessing Memory usage...
<04/18/2018 18:53:37> Memory usage under threshold at 426 MB
<04/18/2018 18:53:37> Assessing CPU usage...
<04/18/2018 18:53:37> CPU usage under threshold at 50.00%
<04/18/2018 18:53:37> Assessing TCP connection 
<04/18/2018 18:53:37> TCP connections established under threshold at 2
<04/18/2018 18:53:37> ##### Windows-VM-02 ASSESED #####
<04/18/2018 18:53:37> ##### BEGINNING Windows-VM-01 ASSESSMENT #####
<04/18/2018 18:53:37> ##### RUNNING DATABASE QUERIES #####
<04/18/2018 18:53:37> ##### DATABASE QUERIES RAN #####
<04/18/2018 18:53:37> ##### ASSESSING THRESHOLDS #####
<04/18/2018 18:53:37> Assessing drive C...
<04/18/2018 18:53:37> C: Under Threshold at 52.00%
<04/18/2018 18:53:37> Assessing Memory usage...
<04/18/2018 18:53:37> Memory usage under threshold at 907 MB
<04/18/2018 18:53:37> Assessing CPU usage...
<04/18/2018 18:53:37> CPU usage under threshold at 10.00%
<04/18/2018 18:53:37> Assessing TCP connection 
<04/18/2018 18:53:37> TCP connections established under threshold at 5
<04/18/2018 18:53:37> ##### Windows-VM-01 ASSESED #####
<04/18/2018 18:53:37> ##### BEGINNING Windows-VM-02 ASSESSMENT #####
<04/18/2018 18:53:37> ##### RUNNING DATABASE QUERIES #####
<04/18/2018 18:53:37> ##### DATABASE QUERIES RAN #####
<04/18/2018 18:53:37> ##### ASSESSING THRESHOLDS #####
<04/18/2018 18:53:37> Assessing drive C...
<04/18/2018 18:53:38> C: Under Threshold at 51.00%
<04/18/2018 18:53:38> Assessing Memory usage...
<04/18/2018 18:53:38> Memory usage under threshold at 426 MB
<04/18/2018 18:53:38> Assessing CPU usage...
<04/18/2018 18:53:38> CPU usage under threshold at 50.00%
<04/18/2018 18:53:38> Assessing TCP connection 
<04/18/2018 18:53:38> TCP connections established under threshold at 2
<04/18/2018 18:53:38> ##### Windows-VM-02 ASSESED #####
<04/18/2018 18:53:38> ##### BEGINNING Windows-VM-01 ASSESSMENT #####
<04/18/2018 18:53:38> ##### RUNNING DATABASE QUERIES #####
<04/18/2018 18:53:38> ##### DATABASE QUERIES RAN #####
<04/18/2018 18:53:38> ##### ASSESSING THRESHOLDS #####
<04/18/2018 18:53:38> Assessing drive C...
<04/18/2018 18:53:38> C: Under Threshold at 52.00%
<04/18/2018 18:53:38> Assessing Memory usage...
<04/18/2018 18:53:38> Memory usage under threshold at 907 MB
<04/18/2018 18:53:38> Assessing CPU usage...
<04/18/2018 18:53:38> CPU usage under threshold at 10.00%
<04/18/2018 18:53:38> Assessing TCP connection 
<04/18/2018 18:53:38> TCP connections established under threshold at 5
<04/18/2018 18:53:38> ##### Windows-VM-01 ASSESED #####
<04/18/2018 18:53:38> ##### BEGINNING Windows-VM-02 ASSESSMENT #####
<04/18/2018 18:53:38> ##### RUNNING DATABASE QUERIES #####
<04/18/2018 18:53:38> ##### DATABASE QUERIES RAN #####
<04/18/2018 18:53:38> ##### ASSESSING THRESHOLDS #####
<04/18/2018 18:53:38> Assessing drive C...
<04/18/2018 18:53:38> C: Under Threshold at 51.00%
<04/18/2018 18:53:38> Assessing Memory usage...
<04/18/2018 18:53:38> Memory usage under threshold at 426 MB
<04/18/2018 18:53:38> Assessing CPU usage...
<04/18/2018 18:53:38> CPU usage under threshold at 50.00%
<04/18/2018 18:53:38> Assessing TCP connection 
<04/18/2018 18:53:38> TCP connections established under threshold at 2
<04/18/2018 18:53:38> ##### Windows-VM-02 ASSESED #####
<04/18/2018 18:53:38> ##### BEGINNING Windows-VM-01 ASSESSMENT #####
<04/18/2018 18:53:38> ##### RUNNING DATABASE QUERIES #####
<04/18/2018 18:53:38> ##### DATABASE QUERIES RAN #####
<04/18/2018 18:53:38> ##### ASSESSING THRESHOLDS #####
<04/18/2018 18:53:38> Assessing drive C...
<04/18/2018 18:53:38> C: Under Threshold at 52.00%
<04/18/2018 18:53:38> Assessing Memory usage...
<04/18/2018 18:53:38> Memory usage under threshold at 907 MB
<04/18/2018 18:53:38> Assessing CPU usage...
<04/18/2018 18:53:38> CPU usage under threshold at 10.00%
<04/18/2018 18:53:38> Assessing TCP connection 
<04/18/2018 18:53:38> TCP connections established under threshold at 5
<04/18/2018 18:53:38> ##### Windows-VM-01 ASSESED #####
<04/18/2018 18:53:38> ##### BEGINNING Windows-VM-02 ASSESSMENT #####
<04/18/2018 18:53:38> ##### RUNNING DATABASE QUERIES #####
<04/18/2018 18:53:38> ##### DATABASE QUERIES RAN #####
<04/18/2018 18:53:38> ##### ASSESSING THRESHOLDS #####
<04/18/2018 18:53:38> Assessing drive C...
<04/18/2018 18:53:38> C: Under Threshold at 51.00%
<04/18/2018 18:53:38> Assessing Memory usage...
<04/18/2018 18:53:38> Memory usage under threshold at 426 MB
<04/18/2018 18:53:38> Assessing CPU usage...
<04/18/2018 18:53:38> CPU usage under threshold at 50.00%
<04/18/2018 18:53:38> Assessing TCP connection 
<04/18/2018 18:53:38> TCP connections established under threshold at 2
<04/18/2018 18:53:38> ##### Windows-VM-02 ASSESED #####
